Message[302] D:\CALCULATOR\UNTITLED.ASM 15 : Register in operand not in bank 0.  Ensure that bank bits are correct.
Message[302] D:\CALCULATOR\UNTITLED.ASM 19 : Register in operand not in bank 0.  Ensure that bank bits are correct.
Message[302] D:\CALCULATOR\UNTITLED.ASM 23 : Register in operand not in bank 0.  Ensure that bank bits are correct.
Warning[203] D:\CALCULATOR\UNTITLED.ASM 34 : Found opcode in column 1. (goto)
Warning[207] D:\CALCULATOR\UNTITLED.ASM 40 : Found label after column 1. (check_keypad)
Warning[203] D:\CALCULATOR\UNTITLED.ASM 120 : Found opcode in column 1. (movlw)
Warning[203] D:\CALCULATOR\UNTITLED.ASM 121 : Found opcode in column 1. (movwf)
Warning[203] D:\CALCULATOR\UNTITLED.ASM 122 : Found opcode in column 1. (movlw)
Warning[203] D:\CALCULATOR\UNTITLED.ASM 123 : Found opcode in column 1. (call)
Warning[203] D:\CALCULATOR\UNTITLED.ASM 124 : Found opcode in column 1. (return)
Warning[203] D:\CALCULATOR\UNTITLED.ASM 128 : Found opcode in column 1. (movlw)
Warning[203] D:\CALCULATOR\UNTITLED.ASM 129 : Found opcode in column 1. (movwf)
Warning[203] D:\CALCULATOR\UNTITLED.ASM 130 : Found opcode in column 1. (movlw)
Warning[203] D:\CALCULATOR\UNTITLED.ASM 131 : Found opcode in column 1. (call)
Warning[203] D:\CALCULATOR\UNTITLED.ASM 132 : Found opcode in column 1. (return)
Warning[203] D:\CALCULATOR\UNTITLED.ASM 135 : Found opcode in column 1. (movlw)
Warning[203] D:\CALCULATOR\UNTITLED.ASM 136 : Found opcode in column 1. (movwf)
Warning[203] D:\CALCULATOR\UNTITLED.ASM 137 : Found opcode in column 1. (movlw)
Warning[203] D:\CALCULATOR\UNTITLED.ASM 138 : Found opcode in column 1. (call)
Warning[203] D:\CALCULATOR\UNTITLED.ASM 139 : Found opcode in column 1. (return)
Warning[203] D:\CALCULATOR\UNTITLED.ASM 142 : Found opcode in column 1. (movlw)
Warning[203] D:\CALCULATOR\UNTITLED.ASM 143 : Found opcode in column 1. (movwf)
Warning[203] D:\CALCULATOR\UNTITLED.ASM 144 : Found opcode in column 1. (movlw)
Warning[203] D:\CALCULATOR\UNTITLED.ASM 145 : Found opcode in column 1. (call)
Warning[203] D:\CALCULATOR\UNTITLED.ASM 146 : Found opcode in column 1. (return)
Warning[203] D:\CALCULATOR\UNTITLED.ASM 149 : Found opcode in column 1. (movlw)
Warning[203] D:\CALCULATOR\UNTITLED.ASM 150 : Found opcode in column 1. (movwf)
Warning[203] D:\CALCULATOR\UNTITLED.ASM 151 : Found opcode in column 1. (movlw)
Warning[203] D:\CALCULATOR\UNTITLED.ASM 152 : Found opcode in column 1. (call)
Warning[203] D:\CALCULATOR\UNTITLED.ASM 153 : Found opcode in column 1. (return)
Warning[203] D:\CALCULATOR\UNTITLED.ASM 156 : Found opcode in column 1. (movlw)
Warning[203] D:\CALCULATOR\UNTITLED.ASM 157 : Found opcode in column 1. (movwf)
Warning[203] D:\CALCULATOR\UNTITLED.ASM 158 : Found opcode in column 1. (movlw)
Warning[203] D:\CALCULATOR\UNTITLED.ASM 159 : Found opcode in column 1. (call)
Warning[203] D:\CALCULATOR\UNTITLED.ASM 160 : Found opcode in column 1. (return)
Warning[203] D:\CALCULATOR\UNTITLED.ASM 163 : Found opcode in column 1. (movlw)
Warning[203] D:\CALCULATOR\UNTITLED.ASM 164 : Found opcode in column 1. (movwf)
Warning[203] D:\CALCULATOR\UNTITLED.ASM 165 : Found opcode in column 1. (movlw)
Warning[203] D:\CALCULATOR\UNTITLED.ASM 166 : Found opcode in column 1. (call)
Warning[203] D:\CALCULATOR\UNTITLED.ASM 167 : Found opcode in column 1. (return)
Warning[203] D:\CALCULATOR\UNTITLED.ASM 170 : Found opcode in column 1. (movlw)
Warning[203] D:\CALCULATOR\UNTITLED.ASM 171 : Found opcode in column 1. (movwf)
Warning[203] D:\CALCULATOR\UNTITLED.ASM 172 : Found opcode in column 1. (movlw)
Warning[203] D:\CALCULATOR\UNTITLED.ASM 173 : Found opcode in column 1. (call)
Warning[203] D:\CALCULATOR\UNTITLED.ASM 174 : Found opcode in column 1. (return)
Warning[203] D:\CALCULATOR\UNTITLED.ASM 177 : Found opcode in column 1. (movlw)
Warning[203] D:\CALCULATOR\UNTITLED.ASM 178 : Found opcode in column 1. (movwf)
Warning[203] D:\CALCULATOR\UNTITLED.ASM 179 : Found opcode in column 1. (movlw)
Warning[203] D:\CALCULATOR\UNTITLED.ASM 180 : Found opcode in column 1. (call)
Warning[203] D:\CALCULATOR\UNTITLED.ASM 181 : Found opcode in column 1. (return)
Warning[203] D:\CALCULATOR\UNTITLED.ASM 184 : Found opcode in column 1. (movlw)
Warning[203] D:\CALCULATOR\UNTITLED.ASM 185 : Found opcode in column 1. (movwf)
Warning[203] D:\CALCULATOR\UNTITLED.ASM 186 : Found opcode in column 1. (movlw)
Warning[203] D:\CALCULATOR\UNTITLED.ASM 187 : Found opcode in column 1. (call)
Warning[203] D:\CALCULATOR\UNTITLED.ASM 188 : Found opcode in column 1. (return)
Warning[207] D:\CALCULATOR\UNTITLED.ASM 195 : Found label after column 1. (PLUS)
Warning[207] D:\CALCULATOR\UNTITLED.ASM 215 : Found label after column 1. (MINUS)
Warning[207] D:\CALCULATOR\UNTITLED.ASM 230 : Found label after column 1. (MULT)
Warning[207] D:\CALCULATOR\UNTITLED.ASM 245 : Found label after column 1. (DIV)
Warning[203] D:\CALCULATOR\UNTITLED.ASM 259 : Found opcode in column 1. (movlw)
Warning[203] D:\CALCULATOR\UNTITLED.ASM 260 : Found opcode in column 1. (call)
Warning[203] D:\CALCULATOR\UNTITLED.ASM 263 : Found opcode in column 1. (BTFSS)
Warning[203] D:\CALCULATOR\UNTITLED.ASM 264 : Found opcode in column 1. (GOTO)
Warning[203] D:\CALCULATOR\UNTITLED.ASM 265 : Found opcode in column 1. (GOTO)
Warning[203] D:\CALCULATOR\UNTITLED.ASM 268 : Found opcode in column 1. (BTFSS)
Warning[203] D:\CALCULATOR\UNTITLED.ASM 269 : Found opcode in column 1. (GOTO)
Warning[203] D:\CALCULATOR\UNTITLED.ASM 270 : Found opcode in column 1. (GOTO)
Warning[203] D:\CALCULATOR\UNTITLED.ASM 273 : Found opcode in column 1. (BTFSS)
Warning[203] D:\CALCULATOR\UNTITLED.ASM 274 : Found opcode in column 1. (GOTO)
Warning[203] D:\CALCULATOR\UNTITLED.ASM 275 : Found opcode in column 1. (GOTO)
Warning[203] D:\CALCULATOR\UNTITLED.ASM 279 : Found opcode in column 1. (MOVF)
Warning[203] D:\CALCULATOR\UNTITLED.ASM 280 : Found opcode in column 1. (ADDWF)
Warning[203] D:\CALCULATOR\UNTITLED.ASM 281 : Found opcode in column 1. (addlw)
Warning[203] D:\CALCULATOR\UNTITLED.ASM 282 : Found opcode in column 1. (call)
Warning[203] D:\CALCULATOR\UNTITLED.ASM 283 : Found opcode in column 1. (RETURN)
Warning[203] D:\CALCULATOR\UNTITLED.ASM 288 : Found opcode in column 1. (MOVF)
Warning[203] D:\CALCULATOR\UNTITLED.ASM 289 : Found opcode in column 1. (SUBWF)
Warning[203] D:\CALCULATOR\UNTITLED.ASM 290 : Found opcode in column 1. (addlw)
Warning[203] D:\CALCULATOR\UNTITLED.ASM 291 : Found opcode in column 1. (call)
Warning[203] D:\CALCULATOR\UNTITLED.ASM 292 : Found opcode in column 1. (RETURN)
Warning[203] D:\CALCULATOR\UNTITLED.ASM 296 : Found opcode in column 1. (MOVLW)
Warning[203] D:\CALCULATOR\UNTITLED.ASM 298 : Found opcode in column 1. (ADDWF)
Warning[203] D:\CALCULATOR\UNTITLED.ASM 299 : Found opcode in column 1. (DECF)
Warning[203] D:\CALCULATOR\UNTITLED.ASM 300 : Found opcode in column 1. (BTFSS)
Warning[203] D:\CALCULATOR\UNTITLED.ASM 301 : Found opcode in column 1. (GOTO)
Warning[203] D:\CALCULATOR\UNTITLED.ASM 302 : Found opcode in column 1. (addlw)
Warning[203] D:\CALCULATOR\UNTITLED.ASM 303 : Found opcode in column 1. (call)
Warning[203] D:\CALCULATOR\UNTITLED.ASM 304 : Found opcode in column 1. (RETURN)
Warning[203] D:\CALCULATOR\UNTITLED.ASM 308 : Found opcode in column 1. (MOVF)
Warning[203] D:\CALCULATOR\UNTITLED.ASM 310 : Found opcode in column 1. (SUBWF)
Warning[203] D:\CALCULATOR\UNTITLED.ASM 311 : Found opcode in column 1. (BTFSS)
Warning[203] D:\CALCULATOR\UNTITLED.ASM 312 : Found opcode in column 1. (GOTO)
Warning[203] D:\CALCULATOR\UNTITLED.ASM 314 : Found opcode in column 1. (addlw)
Warning[203] D:\CALCULATOR\UNTITLED.ASM 315 : Found opcode in column 1. (call)
Warning[203] D:\CALCULATOR\UNTITLED.ASM 316 : Found opcode in column 1. (RETURN)
Warning[203] D:\CALCULATOR\UNTITLED.ASM 319 : Found opcode in column 1. (return)
Warning[203] D:\CALCULATOR\UNTITLED.ASM 326 : Found opcode in column 1. (movlw)
Warning[203] D:\CALCULATOR\UNTITLED.ASM 327 : Found opcode in column 1. (call)
Warning[203] D:\CALCULATOR\UNTITLED.ASM 329 : Found opcode in column 1. (clrf)
Warning[203] D:\CALCULATOR\UNTITLED.ASM 330 : Found opcode in column 1. (clrf)
Warning[203] D:\CALCULATOR\UNTITLED.ASM 331 : Found opcode in column 1. (clrf)
Warning[203] D:\CALCULATOR\UNTITLED.ASM 332 : Found opcode in column 1. (return)
Warning[207] D:\CALCULATOR\UNTITLED.ASM 389 : Found label after column 1. (LOOP)
Message[305] D:\CALCULATOR\UNTITLED.ASM 389 : Using default destination of 1 (file).
Message[305] D:\CALCULATOR\UNTITLED.ASM 391 : Using default destination of 1 (file).
